2020-10-21 09:26:09.813  INFO 17768 --- [main] com.xw.MyblogApplicationTests            : Starting MyblogApplicationTests on zys with PID 17768 (started by Administrator in C:\Users\ideaiU\work\myblog)
2020-10-21 09:26:09.820  INFO 17768 --- [main] com.xw.MyblogApplicationTests            : The following profiles are active: pro
2020-10-21 09:26:18.870  INFO 17768 --- [main] com.xw.MyblogApplicationTests            : Started MyblogApplicationTests in 10.087 seconds (JVM running for 11.349)
2020-10-21 09:26:31.952  INFO 18124 --- [main] com.xw.MyblogApplicationTests            : Starting MyblogApplicationTests on zys with PID 18124 (started by Administrator in C:\Users\ideaiU\work\myblog)
2020-10-21 09:26:31.954  INFO 18124 --- [main] com.xw.MyblogApplicationTests            : The following profiles are active: pro
2020-10-21 09:26:36.692  INFO 18124 --- [main] com.xw.MyblogApplicationTests            : Started MyblogApplicationTests in 5.435 seconds (JVM running for 6.678)
2020-10-21 09:29:03.414  INFO 20060 --- [main] com.xw.MyblogApplication                 : Starting MyblogApplication v0.0.1-SNAPSHOT on zys with PID 20060 (C:\Users\ideaiU\work\myblog\target\myblog-0.0.1-SNAPSHOT.jar started by Administrator in C:\Users\ideaiU\work\myblog)
2020-10-21 09:29:03.419  INFO 20060 --- [main] com.xw.MyblogApplication                 : The following profiles are active: pro
2020-10-21 09:29:07.849  INFO 20060 --- [main] com.xw.MyblogApplication                 : Started MyblogApplication in 5.063 seconds (JVM running for 5.599)
2020-10-21 09:30:53.347  INFO 16728 --- [main] com.xw.MyblogApplicationTests            : Starting MyblogApplicationTests on zys with PID 16728 (started by Administrator in C:\Users\ideaiU\work\myblog)
2020-10-21 09:30:53.348  INFO 16728 --- [main] com.xw.MyblogApplicationTests            : The following profiles are active: pro
2020-10-21 09:30:57.744  INFO 16728 --- [main] com.xw.MyblogApplicationTests            : Started MyblogApplicationTests in 4.998 seconds (JVM running for 6.26)
2020-10-21 09:33:07.757  INFO 22020 --- [main] com.xw.MyblogApplicationTests            : Starting MyblogApplicationTests on zys with PID 22020 (started by Administrator in C:\Users\ideaiU\work\myblog)
2020-10-21 09:33:07.759  INFO 22020 --- [main] com.xw.MyblogApplicationTests            : The following profiles are active: pro
2020-10-21 09:33:12.158  INFO 22020 --- [main] com.xw.MyblogApplicationTests            : Started MyblogApplicationTests in 5.02 seconds (JVM running for 6.244)
2020-10-21 09:33:45.777  INFO 24176 --- [main] com.xw.MyblogApplication                 : Starting MyblogApplication v0.0.1-SNAPSHOT on zys with PID 24176 (C:\Users\ideaiU\work\myblog\target\myblog-0.0.1-SNAPSHOT.jar started by Administrator in C:\Users\ideaiU\work\myblog)
2020-10-21 09:33:45.781  INFO 24176 --- [main] com.xw.MyblogApplication                 : The following profiles are active: pro
2020-10-21 09:33:50.674  INFO 24176 --- [main] com.xw.MyblogApplication                 : Started MyblogApplication in 5.579 seconds (JVM running for 6.121)
2020-10-21 15:33:52.282  INFO 25476 --- [main] com.xw.MyblogApplicationTests            : Starting MyblogApplicationTests on zys with PID 25476 (started by Administrator in C:\Users\ideaiU\work\myblog)
2020-10-21 15:33:52.284  INFO 25476 --- [main] com.xw.MyblogApplicationTests            : The following profiles are active: pro
2020-10-21 15:33:56.604  INFO 25476 --- [main] com.xw.MyblogApplicationTests            : Started MyblogApplicationTests in 4.98 seconds (JVM running for 6.295)
2020-10-21 15:34:21.397  INFO 23808 --- [main] com.xw.MyblogApplication                 : Starting MyblogApplication v0.0.1-SNAPSHOT on zys with PID 23808 (C:\Users\ideaiU\work\myblog\target\myblog-0.0.1-SNAPSHOT.jar started by Administrator in C:\Users\ideaiU\work\myblog)
2020-10-21 15:34:21.420  INFO 23808 --- [main] com.xw.MyblogApplication                 : The following profiles are active: pro
2020-10-21 15:34:26.675  INFO 23808 --- [main] com.xw.MyblogApplication                 : Started MyblogApplication in 6.079 seconds (JVM running for 6.676)
